<?xml version="1.0" encoding="UTF-8"?>
<!-- Generated by org.testng.reporters.JUnitReportReporter -->
<testsuite hostname="DESKTOP-I7QV0UA" failures="0" tests="1" name="pack123.PracticeTest" time="0.019" errors="0" timestamp="2023-06-19T10:22:57 IST" skipped="0">
  <testcase classname="pack123.PracticeTest" name="test" time="0.019"/>
</testsuite> <!-- pack123.PracticeTest -->
