<?xml version="1.0" encoding="UTF-8"?>
<!-- Generated by org.testng.reporters.JUnitReportReporter -->
<testsuite hostname="DESKTOP-I7QV0UA" failures="0" tests="1" name="pack123.TestClassnew" time="0.016" errors="0" timestamp="2023-06-19T10:22:57 IST" skipped="0">
  <testcase classname="pack123.TestClassnew" name="test" time="0.016"/>
</testsuite> <!-- pack123.TestClassnew -->
